<?xml version="1.0" encoding="UTF-8"?>
<testng-results ignored="0" total="1" passed="1" failed="0" skipped="0">
  <reporter-output>
    <line>
      <![CDATA[launching browser successful=====]]>
    </line>
  </reporter-output>
  <suite started-at="2022-09-30T16:31:55 IST" name="Default suite" finished-at="2022-09-30T16:32:16 IST" duration-ms="20348">
    <groups>
    </groups>
    <test started-at="2022-09-30T16:31:55 IST" name="Default test" finished-at="2022-09-30T16:32:16 IST" duration-ms="20348">
      <class name="com.cloudtesla.LoginTests.LoginPageTests">
        <test-method is-config="true" signature="launchBrowser()[pri:0, instance:com.cloudtesla.LoginTests.LoginPageTests@6fe7aac8]" started-at="2022-09-30T16:31:55 IST" name="launchBrowser" finished-at="2022-09-30T16:32:07 IST" duration-ms="11919" status="PASS">
          <reporter-output>
            <line>
              <![CDATA[launching browser successful=====]]>
            </line>
          </reporter-output>
        </test-method> <!-- launchBrowser -->
        <test-method signature="loginPageTests()[pri:0, instance:com.cloudtesla.LoginTests.LoginPageTests@6fe7aac8]" started-at="2022-09-30T16:32:07 IST" name="loginPageTests" finished-at="2022-09-30T16:32:16 IST" duration-ms="8187" status="PASS">
          <reporter-output>
          </reporter-output>
        </test-method> <!-- loginPageTests -->
      </class> <!-- com.cloudtesla.LoginTests.LoginPageTests -->
    </test> <!-- Default test -->
  </suite> <!-- Default suite -->
</testng-results>
